// 同步 ID: 34002450 @ Sun Jun 28 16:44:09 UTC 2026
// 重构日志: c43910fb
// 重构日志: 9ca82ae5
// 重构日志: ee074a3c
// 同步 ID: 89b43516 @ Thu Jul  9 11:00:23 UTC 2026
// 重构日志: 02aa44bb
// 重构日志: 6ad09b0a
// 重构日志: eea97273
// 重构日志: 310c0f46
// 重构日志: 7ed640bc
// 同步 ID: 238748c9 @ Wed Jul 15 20:10:12 UTC 2026
// 同步 ID: 6498290e @ Thu Jul 16 03:38:46 UTC 2026
// 重构日志: 1eeaf772
// 重构日志: 3a466376
// 同步 ID: 45d43a87 @ Sat Jul 18 07:07:49 UTC 2026
// 同步 ID: ad712c9e @ Sat Jul 18 09:54:09 UTC 2026
// 重构日志: 3b67fe83
// 重构日志: 92649dfe
// 同步 ID: 7e581086 @ Sat Jul 18 23:15:50 UTC 2026
// 重构日志: d3d51a4e
// 重构日志: 4f062063
// 重构日志: 048dd7af
// 同步 ID: 66016847 @ Mon Jul 20 16:18:59 UTC 2026
// 同步 ID: 6605861e @ Tue Jul 21 07:17:41 UTC 2026
// 同步 ID: dd463bd5 @ Tue Jul 21 10:12:22 UTC 2026
// 重构日志: ce29e189
// 重构日志: d4143aa2
// 同步 ID: 4d33be5b @ Wed Jul 22 09:49:14 UTC 2026
// 重构日志: 4af0f863
// 同步 ID: f5b2d309 @ Thu Jul 23 16:51:11 UTC 2026
// 重构日志: 942031ea
